CRITICAL - 2024-09-23 20:00:17 --> ErrorException: Undefined variable $result
[Method: GET, Route: software/add]
in APPPATH\Views\software\add.php on line 22.
 1 APPPATH\Views\software\add.php(22): CodeIgniter\Debug\Exceptions->errorHandler(2, 'Undefined variable $result', 'C:\\xampp\\htdocs\\academia\\app\\Views\\software\\add.php', 22)
 2 SYSTEMPATH\View\View.php(234): include('C:\\xampp\\htdocs\\academia\\app\\Views\\software\\add.php')
 3 SYSTEMPATH\View\View.php(237): CodeIgniter\View\View->CodeIgniter\View\{closure}()
 4 SYSTEMPATH\Common.php(1169): CodeIgniter\View\View->render('software/add', [], true)
 5 APPPATH\Controllers\SoftwareController.php(24): view('software/add')
 6 SYSTEMPATH\CodeIgniter.php(933): App\Controllers\SoftwareController->add()
 7 SYSTEMPATH\CodeIgniter.php(509): CodeIgniter\CodeIgniter->runController(Object(App\Controllers\SoftwareController))
 8 SYSTEMPATH\CodeIgniter.php(355): CodeIgniter\CodeIgniter->handleRequest(null, Object(Config\Cache), false)
 9 SYSTEMPATH\Boot.php(325): CodeIgniter\CodeIgniter->run()
10 SYSTEMPATH\Boot.php(67): CodeIgniter\Boot::runCodeIgniter(Object(CodeIgniter\CodeIgniter))
11 FCPATH\index.php(56): CodeIgniter\Boot::bootWeb(Object(Config\Paths))
12 SYSTEMPATH\rewrite.php(44): require_once('C:\\xampp\\htdocs\\academia\\public\\index.php')
CRITICAL - 2024-09-23 20:00:26 --> ErrorException: Undefined variable $result
[Method: GET, Route: software/add]
in APPPATH\Views\software\add.php on line 22.
 1 APPPATH\Views\software\add.php(22): CodeIgniter\Debug\Exceptions->errorHandler(2, 'Undefined variable $result', 'C:\\xampp\\htdocs\\academia\\app\\Views\\software\\add.php', 22)
 2 SYSTEMPATH\View\View.php(234): include('C:\\xampp\\htdocs\\academia\\app\\Views\\software\\add.php')
 3 SYSTEMPATH\View\View.php(237): CodeIgniter\View\View->CodeIgniter\View\{closure}()
 4 SYSTEMPATH\Common.php(1169): CodeIgniter\View\View->render('software/add', [], true)
 5 APPPATH\Controllers\SoftwareController.php(24): view('software/add')
 6 SYSTEMPATH\CodeIgniter.php(933): App\Controllers\SoftwareController->add()
 7 SYSTEMPATH\CodeIgniter.php(509): CodeIgniter\CodeIgniter->runController(Object(App\Controllers\SoftwareController))
 8 SYSTEMPATH\CodeIgniter.php(355): CodeIgniter\CodeIgniter->handleRequest(null, Object(Config\Cache), false)
 9 SYSTEMPATH\Boot.php(325): CodeIgniter\CodeIgniter->run()
10 SYSTEMPATH\Boot.php(67): CodeIgniter\Boot::runCodeIgniter(Object(CodeIgniter\CodeIgniter))
11 FCPATH\index.php(56): CodeIgniter\Boot::bootWeb(Object(Config\Paths))
12 SYSTEMPATH\rewrite.php(44): require_once('C:\\xampp\\htdocs\\academia\\public\\index.php')
CRITICAL - 2024-09-23 20:01:53 --> ErrorException: Undefined variable $result
[Method: GET, Route: software/add]
in APPPATH\Views\software\add.php on line 19.
 1 APPPATH\Views\software\add.php(19): CodeIgniter\Debug\Exceptions->errorHandler(2, 'Undefined variable $result', 'C:\\xampp\\htdocs\\academia\\app\\Views\\software\\add.php', 19)
 2 SYSTEMPATH\View\View.php(234): include('C:\\xampp\\htdocs\\academia\\app\\Views\\software\\add.php')
 3 SYSTEMPATH\View\View.php(237): CodeIgniter\View\View->CodeIgniter\View\{closure}()
 4 SYSTEMPATH\Common.php(1169): CodeIgniter\View\View->render('software/add', [], true)
 5 APPPATH\Controllers\SoftwareController.php(24): view('software/add')
 6 SYSTEMPATH\CodeIgniter.php(933): App\Controllers\SoftwareController->add()
 7 SYSTEMPATH\CodeIgniter.php(509): CodeIgniter\CodeIgniter->runController(Object(App\Controllers\SoftwareController))
 8 SYSTEMPATH\CodeIgniter.php(355): CodeIgniter\CodeIgniter->handleRequest(null, Object(Config\Cache), false)
 9 SYSTEMPATH\Boot.php(325): CodeIgniter\CodeIgniter->run()
10 SYSTEMPATH\Boot.php(67): CodeIgniter\Boot::runCodeIgniter(Object(CodeIgniter\CodeIgniter))
11 FCPATH\index.php(56): CodeIgniter\Boot::bootWeb(Object(Config\Paths))
12 SYSTEMPATH\rewrite.php(44): require_once('C:\\xampp\\htdocs\\academia\\public\\index.php')
CRITICAL - 2024-09-23 20:16:40 --> ErrorException: Undefined array key "idSoftware"
[Method: POST, Route: software/insert]
in APPPATH\Controllers\SoftwareController.php on line 84.
 1 APPPATH\Controllers\SoftwareController.php(84): CodeIgniter\Debug\Exceptions->errorHandler(2, 'Undefined array key "idSoftware"', 'C:\\xampp\\htdocs\\academia\\app\\Controllers\\SoftwareController.php', 84)
 2 SYSTEMPATH\CodeIgniter.php(933): App\Controllers\SoftwareController->insert()
 3 SYSTEMPATH\CodeIgniter.php(509): CodeIgniter\CodeIgniter->runController(Object(App\Controllers\SoftwareController))
 4 SYSTEMPATH\CodeIgniter.php(355): CodeIgniter\CodeIgniter->handleRequest(null, Object(Config\Cache), false)
 5 SYSTEMPATH\Boot.php(325): CodeIgniter\CodeIgniter->run()
 6 SYSTEMPATH\Boot.php(67): CodeIgniter\Boot::runCodeIgniter(Object(CodeIgniter\CodeIgniter))
 7 FCPATH\index.php(56): CodeIgniter\Boot::bootWeb(Object(Config\Paths))
 8 SYSTEMPATH\rewrite.php(44): require_once('C:\\xampp\\htdocs\\academia\\public\\index.php')
CRITICAL - 2024-09-23 20:23:44 --> ErrorException: Undefined array key "idSoftware"
[Method: POST, Route: software/insert]
in APPPATH\Controllers\SoftwareController.php on line 84.
 1 APPPATH\Controllers\SoftwareController.php(84): CodeIgniter\Debug\Exceptions->errorHandler(2, 'Undefined array key "idSoftware"', 'C:\\xampp\\htdocs\\academia\\app\\Controllers\\SoftwareController.php', 84)
 2 SYSTEMPATH\CodeIgniter.php(933): App\Controllers\SoftwareController->insert()
 3 SYSTEMPATH\CodeIgniter.php(509): CodeIgniter\CodeIgniter->runController(Object(App\Controllers\SoftwareController))
 4 SYSTEMPATH\CodeIgniter.php(355): CodeIgniter\CodeIgniter->handleRequest(null, Object(Config\Cache), false)
 5 SYSTEMPATH\Boot.php(325): CodeIgniter\CodeIgniter->run()
 6 SYSTEMPATH\Boot.php(67): CodeIgniter\Boot::runCodeIgniter(Object(CodeIgniter\CodeIgniter))
 7 FCPATH\index.php(56): CodeIgniter\Boot::bootWeb(Object(Config\Paths))
 8 SYSTEMPATH\rewrite.php(44): require_once('C:\\xampp\\htdocs\\academia\\public\\index.php')
CRITICAL - 2024-09-23 20:31:33 --> ErrorException: Undefined array key "idSoftware"
[Method: POST, Route: software/insert]
in APPPATH\Controllers\SoftwareController.php on line 84.
 1 APPPATH\Controllers\SoftwareController.php(84): CodeIgniter\Debug\Exceptions->errorHandler(2, 'Undefined array key "idSoftware"', 'C:\\xampp\\htdocs\\academia\\app\\Controllers\\SoftwareController.php', 84)
 2 SYSTEMPATH\CodeIgniter.php(933): App\Controllers\SoftwareController->insert()
 3 SYSTEMPATH\CodeIgniter.php(509): CodeIgniter\CodeIgniter->runController(Object(App\Controllers\SoftwareController))
 4 SYSTEMPATH\CodeIgniter.php(355): CodeIgniter\CodeIgniter->handleRequest(null, Object(Config\Cache), false)
 5 SYSTEMPATH\Boot.php(325): CodeIgniter\CodeIgniter->run()
 6 SYSTEMPATH\Boot.php(67): CodeIgniter\Boot::runCodeIgniter(Object(CodeIgniter\CodeIgniter))
 7 FCPATH\index.php(56): CodeIgniter\Boot::bootWeb(Object(Config\Paths))
 8 SYSTEMPATH\rewrite.php(44): require_once('C:\\xampp\\htdocs\\academia\\public\\index.php')
CRITICAL - 2024-09-23 20:32:27 --> ErrorException: Undefined array key "idSoftware"
[Method: POST, Route: software/insert]
in APPPATH\Controllers\SoftwareController.php on line 84.
 1 APPPATH\Controllers\SoftwareController.php(84): CodeIgniter\Debug\Exceptions->errorHandler(2, 'Undefined array key "idSoftware"', 'C:\\xampp\\htdocs\\academia\\app\\Controllers\\SoftwareController.php', 84)
 2 SYSTEMPATH\CodeIgniter.php(933): App\Controllers\SoftwareController->insert()
 3 SYSTEMPATH\CodeIgniter.php(509): CodeIgniter\CodeIgniter->runController(Object(App\Controllers\SoftwareController))
 4 SYSTEMPATH\CodeIgniter.php(355): CodeIgniter\CodeIgniter->handleRequest(null, Object(Config\Cache), false)
 5 SYSTEMPATH\Boot.php(325): CodeIgniter\CodeIgniter->run()
 6 SYSTEMPATH\Boot.php(67): CodeIgniter\Boot::runCodeIgniter(Object(CodeIgniter\CodeIgniter))
 7 FCPATH\index.php(56): CodeIgniter\Boot::bootWeb(Object(Config\Paths))
 8 SYSTEMPATH\rewrite.php(44): require_once('C:\\xampp\\htdocs\\academia\\public\\index.php')
CRITICAL - 2024-09-23 20:32:31 --> ErrorException: Undefined array key "idSoftware"
[Method: POST, Route: software/insert]
in APPPATH\Controllers\SoftwareController.php on line 84.
 1 APPPATH\Controllers\SoftwareController.php(84): CodeIgniter\Debug\Exceptions->errorHandler(2, 'Undefined array key "idSoftware"', 'C:\\xampp\\htdocs\\academia\\app\\Controllers\\SoftwareController.php', 84)
 2 SYSTEMPATH\CodeIgniter.php(933): App\Controllers\SoftwareController->insert()
 3 SYSTEMPATH\CodeIgniter.php(509): CodeIgniter\CodeIgniter->runController(Object(App\Controllers\SoftwareController))
 4 SYSTEMPATH\CodeIgniter.php(355): CodeIgniter\CodeIgniter->handleRequest(null, Object(Config\Cache), false)
 5 SYSTEMPATH\Boot.php(325): CodeIgniter\CodeIgniter->run()
 6 SYSTEMPATH\Boot.php(67): CodeIgniter\Boot::runCodeIgniter(Object(CodeIgniter\CodeIgniter))
 7 FCPATH\index.php(56): CodeIgniter\Boot::bootWeb(Object(Config\Paths))
 8 SYSTEMPATH\rewrite.php(44): require_once('C:\\xampp\\htdocs\\academia\\public\\index.php')
CRITICAL - 2024-09-23 20:36:23 --> ErrorException: Undefined array key "idSoftware"
[Method: POST, Route: software/insert]
in APPPATH\Controllers\SoftwareController.php on line 84.
 1 APPPATH\Controllers\SoftwareController.php(84): CodeIgniter\Debug\Exceptions->errorHandler(2, 'Undefined array key "idSoftware"', 'C:\\xampp\\htdocs\\academia\\app\\Controllers\\SoftwareController.php', 84)
 2 SYSTEMPATH\CodeIgniter.php(933): App\Controllers\SoftwareController->insert()
 3 SYSTEMPATH\CodeIgniter.php(509): CodeIgniter\CodeIgniter->runController(Object(App\Controllers\SoftwareController))
 4 SYSTEMPATH\CodeIgniter.php(355): CodeIgniter\CodeIgniter->handleRequest(null, Object(Config\Cache), false)
 5 SYSTEMPATH\Boot.php(325): CodeIgniter\CodeIgniter->run()
 6 SYSTEMPATH\Boot.php(67): CodeIgniter\Boot::runCodeIgniter(Object(CodeIgniter\CodeIgniter))
 7 FCPATH\index.php(56): CodeIgniter\Boot::bootWeb(Object(Config\Paths))
 8 SYSTEMPATH\rewrite.php(44): require_once('C:\\xampp\\htdocs\\academia\\public\\index.php')
