CRITICAL - 2024-11-21 19:15:40 --> TypeError: mysqli_result::fetch_object(): Argument #1 ($class) must be a valid class name, obeject given
[Method: GET, Route: manuales]
in SYSTEMPATH\Database\MySQLi\Result.php on line 156.
 1 SYSTEMPATH\Database\MySQLi\Result.php(156): mysqli_result->fetch_object('obeject')
 2 SYSTEMPATH\Database\BaseResult.php(161): CodeIgniter\Database\MySQLi\Result->fetchObject('obeject')
 3 SYSTEMPATH\Database\BaseResult.php(116): CodeIgniter\Database\BaseResult->getCustomResultObject('obeject')
 4 SYSTEMPATH\Model.php(287): CodeIgniter\Database\BaseResult->getResult('obeject')
 5 SYSTEMPATH\BaseModel.php(676): CodeIgniter\Model->doFindAll(0, 0)
 6 APPPATH\Controllers\ManualesController.php(34): CodeIgniter\BaseModel->findAll()
 7 SYSTEMPATH\CodeIgniter.php(933): App\Controllers\ManualesController->index()
 8 SYSTEMPATH\CodeIgniter.php(509): CodeIgniter\CodeIgniter->runController(Object(App\Controllers\ManualesController))
 9 SYSTEMPATH\CodeIgniter.php(355): CodeIgniter\CodeIgniter->handleRequest(null, Object(Config\Cache), false)
10 SYSTEMPATH\Boot.php(325): CodeIgniter\CodeIgniter->run()
11 SYSTEMPATH\Boot.php(67): CodeIgniter\Boot::runCodeIgniter(Object(CodeIgniter\CodeIgniter))
12 FCPATH\index.php(56): CodeIgniter\Boot::bootWeb(Object(Config\Paths))
13 SYSTEMPATH\rewrite.php(44): require_once('C:\\xampp\\htdocs\\academia\\public\\index.php')
CRITICAL - 2024-11-21 19:16:28 --> TypeError: mysqli_result::fetch_object(): Argument #1 ($class) must be a valid class name, obeject given
[Method: GET, Route: manuales]
in SYSTEMPATH\Database\MySQLi\Result.php on line 156.
 1 SYSTEMPATH\Database\MySQLi\Result.php(156): mysqli_result->fetch_object('obeject')
 2 SYSTEMPATH\Database\BaseResult.php(161): CodeIgniter\Database\MySQLi\Result->fetchObject('obeject')
 3 SYSTEMPATH\Database\BaseResult.php(116): CodeIgniter\Database\BaseResult->getCustomResultObject('obeject')
 4 SYSTEMPATH\Model.php(287): CodeIgniter\Database\BaseResult->getResult('obeject')
 5 SYSTEMPATH\BaseModel.php(676): CodeIgniter\Model->doFindAll(0, 0)
 6 APPPATH\Controllers\ManualesController.php(34): CodeIgniter\BaseModel->findAll()
 7 SYSTEMPATH\CodeIgniter.php(933): App\Controllers\ManualesController->index()
 8 SYSTEMPATH\CodeIgniter.php(509): CodeIgniter\CodeIgniter->runController(Object(App\Controllers\ManualesController))
 9 SYSTEMPATH\CodeIgniter.php(355): CodeIgniter\CodeIgniter->handleRequest(null, Object(Config\Cache), false)
10 SYSTEMPATH\Boot.php(325): CodeIgniter\CodeIgniter->run()
11 SYSTEMPATH\Boot.php(67): CodeIgniter\Boot::runCodeIgniter(Object(CodeIgniter\CodeIgniter))
12 FCPATH\index.php(56): CodeIgniter\Boot::bootWeb(Object(Config\Paths))
13 SYSTEMPATH\rewrite.php(44): require_once('C:\\xampp\\htdocs\\academia\\public\\index.php')
CRITICAL - 2024-11-21 19:34:19 --> Error: Call to undefined function set_value()
[Method: GET, Route: manuales/add]
in APPPATH\Views\manuales\add.php on line 15.
 1 SYSTEMPATH\View\View.php(234): include()
 2 SYSTEMPATH\View\View.php(237): CodeIgniter\View\View->CodeIgniter\View\{closure}()
 3 SYSTEMPATH\Common.php(1169): CodeIgniter\View\View->render('manuales/add', [], true)
 4 APPPATH\Controllers\ManualesController.php(44): view('manuales/add')
 5 SYSTEMPATH\CodeIgniter.php(933): App\Controllers\ManualesController->add()
 6 SYSTEMPATH\CodeIgniter.php(509): CodeIgniter\CodeIgniter->runController(Object(App\Controllers\ManualesController))
 7 SYSTEMPATH\CodeIgniter.php(355): CodeIgniter\CodeIgniter->handleRequest(null, Object(Config\Cache), false)
 8 SYSTEMPATH\Boot.php(325): CodeIgniter\CodeIgniter->run()
 9 SYSTEMPATH\Boot.php(67): CodeIgniter\Boot::runCodeIgniter(Object(CodeIgniter\CodeIgniter))
10 FCPATH\index.php(56): CodeIgniter\Boot::bootWeb(Object(Config\Paths))
11 SYSTEMPATH\rewrite.php(44): require_once('C:\\xampp\\htdocs\\academia\\public\\index.php')
CRITICAL - 2024-11-21 19:35:45 --> Error: Call to undefined function set_value()
[Method: GET, Route: manuales/add]
in APPPATH\Views\manuales\add.php on line 15.
 1 SYSTEMPATH\View\View.php(234): include()
 2 SYSTEMPATH\View\View.php(237): CodeIgniter\View\View->CodeIgniter\View\{closure}()
 3 SYSTEMPATH\Common.php(1169): CodeIgniter\View\View->render('manuales/add', [], true)
 4 APPPATH\Controllers\ManualesController.php(44): view('manuales/add')
 5 SYSTEMPATH\CodeIgniter.php(933): App\Controllers\ManualesController->add()
 6 SYSTEMPATH\CodeIgniter.php(509): CodeIgniter\CodeIgniter->runController(Object(App\Controllers\ManualesController))
 7 SYSTEMPATH\CodeIgniter.php(355): CodeIgniter\CodeIgniter->handleRequest(null, Object(Config\Cache), false)
 8 SYSTEMPATH\Boot.php(325): CodeIgniter\CodeIgniter->run()
 9 SYSTEMPATH\Boot.php(67): CodeIgniter\Boot::runCodeIgniter(Object(CodeIgniter\CodeIgniter))
10 FCPATH\index.php(56): CodeIgniter\Boot::bootWeb(Object(Config\Paths))
11 SYSTEMPATH\rewrite.php(44): require_once('C:\\xampp\\htdocs\\academia\\public\\index.php')
CRITICAL - 2024-11-21 19:37:24 --> Error: Call to undefined function set_value()
[Method: GET, Route: manuales/add]
in APPPATH\Views\manuales\add.php on line 15.
 1 SYSTEMPATH\View\View.php(234): include()
 2 SYSTEMPATH\View\View.php(237): CodeIgniter\View\View->CodeIgniter\View\{closure}()
 3 SYSTEMPATH\Common.php(1169): CodeIgniter\View\View->render('manuales/add', [], true)
 4 APPPATH\Controllers\ManualesController.php(44): view('manuales/add')
 5 SYSTEMPATH\CodeIgniter.php(933): App\Controllers\ManualesController->add()
 6 SYSTEMPATH\CodeIgniter.php(509): CodeIgniter\CodeIgniter->runController(Object(App\Controllers\ManualesController))
 7 SYSTEMPATH\CodeIgniter.php(355): CodeIgniter\CodeIgniter->handleRequest(null, Object(Config\Cache), false)
 8 SYSTEMPATH\Boot.php(325): CodeIgniter\CodeIgniter->run()
 9 SYSTEMPATH\Boot.php(67): CodeIgniter\Boot::runCodeIgniter(Object(CodeIgniter\CodeIgniter))
10 FCPATH\index.php(56): CodeIgniter\Boot::bootWeb(Object(Config\Paths))
11 SYSTEMPATH\rewrite.php(44): require_once('C:\\xampp\\htdocs\\academia\\public\\index.php')
CRITICAL - 2024-11-21 19:37:38 --> Error: Call to undefined function set_value()
[Method: GET, Route: manuales/add]
in APPPATH\Views\manuales\add.php on line 15.
 1 SYSTEMPATH\View\View.php(234): include()
 2 SYSTEMPATH\View\View.php(237): CodeIgniter\View\View->CodeIgniter\View\{closure}()
 3 SYSTEMPATH\Common.php(1169): CodeIgniter\View\View->render('manuales/add', [], true)
 4 APPPATH\Controllers\ManualesController.php(44): view('manuales/add')
 5 SYSTEMPATH\CodeIgniter.php(933): App\Controllers\ManualesController->add()
 6 SYSTEMPATH\CodeIgniter.php(509): CodeIgniter\CodeIgniter->runController(Object(App\Controllers\ManualesController))
 7 SYSTEMPATH\CodeIgniter.php(355): CodeIgniter\CodeIgniter->handleRequest(null, Object(Config\Cache), false)
 8 SYSTEMPATH\Boot.php(325): CodeIgniter\CodeIgniter->run()
 9 SYSTEMPATH\Boot.php(67): CodeIgniter\Boot::runCodeIgniter(Object(CodeIgniter\CodeIgniter))
10 FCPATH\index.php(56): CodeIgniter\Boot::bootWeb(Object(Config\Paths))
11 SYSTEMPATH\rewrite.php(44): require_once('C:\\xampp\\htdocs\\academia\\public\\index.php')
CRITICAL - 2024-11-21 19:39:50 --> Error: Call to undefined function set_value()
[Method: GET, Route: manuales/add]
in APPPATH\Views\manuales\add.php on line 15.
 1 SYSTEMPATH\View\View.php(234): include()
 2 SYSTEMPATH\View\View.php(237): CodeIgniter\View\View->CodeIgniter\View\{closure}()
 3 SYSTEMPATH\Common.php(1169): CodeIgniter\View\View->render('manuales/add', [], true)
 4 APPPATH\Controllers\ManualesController.php(44): view('manuales/add')
 5 SYSTEMPATH\CodeIgniter.php(933): App\Controllers\ManualesController->add()
 6 SYSTEMPATH\CodeIgniter.php(509): CodeIgniter\CodeIgniter->runController(Object(App\Controllers\ManualesController))
 7 SYSTEMPATH\CodeIgniter.php(355): CodeIgniter\CodeIgniter->handleRequest(null, Object(Config\Cache), false)
 8 SYSTEMPATH\Boot.php(325): CodeIgniter\CodeIgniter->run()
 9 SYSTEMPATH\Boot.php(67): CodeIgniter\Boot::runCodeIgniter(Object(CodeIgniter\CodeIgniter))
10 FCPATH\index.php(56): CodeIgniter\Boot::bootWeb(Object(Config\Paths))
11 SYSTEMPATH\rewrite.php(44): require_once('C:\\xampp\\htdocs\\academia\\public\\index.php')
CRITICAL - 2024-11-21 19:42:56 --> Error: Call to undefined function set_value()
[Method: GET, Route: manuales/add]
in APPPATH\Views\manuales\add.php on line 15.
 1 SYSTEMPATH\View\View.php(234): include()
 2 SYSTEMPATH\View\View.php(237): CodeIgniter\View\View->CodeIgniter\View\{closure}()
 3 SYSTEMPATH\Common.php(1169): CodeIgniter\View\View->render('manuales/add', [], true)
 4 APPPATH\Controllers\ManualesController.php(44): view('manuales/add')
 5 SYSTEMPATH\CodeIgniter.php(933): App\Controllers\ManualesController->add()
 6 SYSTEMPATH\CodeIgniter.php(509): CodeIgniter\CodeIgniter->runController(Object(App\Controllers\ManualesController))
 7 SYSTEMPATH\CodeIgniter.php(355): CodeIgniter\CodeIgniter->handleRequest(null, Object(Config\Cache), false)
 8 SYSTEMPATH\Boot.php(325): CodeIgniter\CodeIgniter->run()
 9 SYSTEMPATH\Boot.php(67): CodeIgniter\Boot::runCodeIgniter(Object(CodeIgniter\CodeIgniter))
10 FCPATH\index.php(56): CodeIgniter\Boot::bootWeb(Object(Config\Paths))
11 SYSTEMPATH\rewrite.php(44): require_once('C:\\xampp\\htdocs\\academia\\public\\index.php')
CRITICAL - 2024-11-21 19:45:42 --> Error: Call to undefined function set_value()
[Method: GET, Route: manuales/add]
in APPPATH\Views\manuales\add.php on line 15.
 1 SYSTEMPATH\View\View.php(234): include()
 2 SYSTEMPATH\View\View.php(237): CodeIgniter\View\View->CodeIgniter\View\{closure}()
 3 SYSTEMPATH\Common.php(1169): CodeIgniter\View\View->render('manuales/add', [], true)
 4 APPPATH\Controllers\ManualesController.php(44): view('manuales/add')
 5 SYSTEMPATH\CodeIgniter.php(933): App\Controllers\ManualesController->add()
 6 SYSTEMPATH\CodeIgniter.php(509): CodeIgniter\CodeIgniter->runController(Object(App\Controllers\ManualesController))
 7 SYSTEMPATH\CodeIgniter.php(355): CodeIgniter\CodeIgniter->handleRequest(null, Object(Config\Cache), false)
 8 SYSTEMPATH\Boot.php(325): CodeIgniter\CodeIgniter->run()
 9 SYSTEMPATH\Boot.php(67): CodeIgniter\Boot::runCodeIgniter(Object(CodeIgniter\CodeIgniter))
10 FCPATH\index.php(56): CodeIgniter\Boot::bootWeb(Object(Config\Paths))
11 SYSTEMPATH\rewrite.php(44): require_once('C:\\xampp\\htdocs\\academia\\public\\index.php')
CRITICAL - 2024-11-21 19:51:39 --> Error: Call to undefined function set_value()
[Method: GET, Route: manuales/add]
in APPPATH\Views\manuales\add.php on line 15.
 1 SYSTEMPATH\View\View.php(234): include()
 2 SYSTEMPATH\View\View.php(237): CodeIgniter\View\View->CodeIgniter\View\{closure}()
 3 SYSTEMPATH\Common.php(1169): CodeIgniter\View\View->render('manuales/add', [], true)
 4 APPPATH\Controllers\ManualesController.php(44): view('manuales/add')
 5 SYSTEMPATH\CodeIgniter.php(933): App\Controllers\ManualesController->add()
 6 SYSTEMPATH\CodeIgniter.php(509): CodeIgniter\CodeIgniter->runController(Object(App\Controllers\ManualesController))
 7 SYSTEMPATH\CodeIgniter.php(355): CodeIgniter\CodeIgniter->handleRequest(null, Object(Config\Cache), false)
 8 SYSTEMPATH\Boot.php(325): CodeIgniter\CodeIgniter->run()
 9 SYSTEMPATH\Boot.php(67): CodeIgniter\Boot::runCodeIgniter(Object(CodeIgniter\CodeIgniter))
10 FCPATH\index.php(56): CodeIgniter\Boot::bootWeb(Object(Config\Paths))
11 SYSTEMPATH\rewrite.php(44): require_once('C:\\xampp\\htdocs\\academia\\public\\index.php')
CRITICAL - 2024-11-21 19:54:27 --> Error: Call to undefined function validation_list_errors()
[Method: GET, Route: manuales/add]
in APPPATH\Views\manuales\add.php on line 6.
 1 SYSTEMPATH\View\View.php(234): include()
 2 SYSTEMPATH\View\View.php(237): CodeIgniter\View\View->CodeIgniter\View\{closure}()
 3 SYSTEMPATH\Common.php(1169): CodeIgniter\View\View->render('manuales/add', [], true)
 4 APPPATH\Controllers\ManualesController.php(44): view('manuales/add')
 5 SYSTEMPATH\CodeIgniter.php(933): App\Controllers\ManualesController->add()
 6 SYSTEMPATH\CodeIgniter.php(509): CodeIgniter\CodeIgniter->runController(Object(App\Controllers\ManualesController))
 7 SYSTEMPATH\CodeIgniter.php(355): CodeIgniter\CodeIgniter->handleRequest(null, Object(Config\Cache), false)
 8 SYSTEMPATH\Boot.php(325): CodeIgniter\CodeIgniter->run()
 9 SYSTEMPATH\Boot.php(67): CodeIgniter\Boot::runCodeIgniter(Object(CodeIgniter\CodeIgniter))
10 FCPATH\index.php(56): CodeIgniter\Boot::bootWeb(Object(Config\Paths))
11 SYSTEMPATH\rewrite.php(44): require_once('C:\\xampp\\htdocs\\academia\\public\\index.php')
CRITICAL - 2024-11-21 19:54:56 --> Error: Call to undefined function validation_list_errors()
[Method: GET, Route: manuales/add]
in APPPATH\Views\manuales\add.php on line 6.
 1 SYSTEMPATH\View\View.php(234): include()
 2 SYSTEMPATH\View\View.php(237): CodeIgniter\View\View->CodeIgniter\View\{closure}()
 3 SYSTEMPATH\Common.php(1169): CodeIgniter\View\View->render('manuales/add', [], true)
 4 APPPATH\Controllers\ManualesController.php(44): view('manuales/add')
 5 SYSTEMPATH\CodeIgniter.php(933): App\Controllers\ManualesController->add()
 6 SYSTEMPATH\CodeIgniter.php(509): CodeIgniter\CodeIgniter->runController(Object(App\Controllers\ManualesController))
 7 SYSTEMPATH\CodeIgniter.php(355): CodeIgniter\CodeIgniter->handleRequest(null, Object(Config\Cache), false)
 8 SYSTEMPATH\Boot.php(325): CodeIgniter\CodeIgniter->run()
 9 SYSTEMPATH\Boot.php(67): CodeIgniter\Boot::runCodeIgniter(Object(CodeIgniter\CodeIgniter))
10 FCPATH\index.php(56): CodeIgniter\Boot::bootWeb(Object(Config\Paths))
11 SYSTEMPATH\rewrite.php(44): require_once('C:\\xampp\\htdocs\\academia\\public\\index.php')
CRITICAL - 2024-11-21 19:55:49 --> Error: Call to undefined function set_value()
[Method: GET, Route: manuales/add]
in APPPATH\Views\manuales\add.php on line 15.
 1 SYSTEMPATH\View\View.php(234): include()
 2 SYSTEMPATH\View\View.php(237): CodeIgniter\View\View->CodeIgniter\View\{closure}()
 3 SYSTEMPATH\Common.php(1169): CodeIgniter\View\View->render('manuales/add', [], true)
 4 APPPATH\Controllers\ManualesController.php(44): view('manuales/add')
 5 SYSTEMPATH\CodeIgniter.php(933): App\Controllers\ManualesController->add()
 6 SYSTEMPATH\CodeIgniter.php(509): CodeIgniter\CodeIgniter->runController(Object(App\Controllers\ManualesController))
 7 SYSTEMPATH\CodeIgniter.php(355): CodeIgniter\CodeIgniter->handleRequest(null, Object(Config\Cache), false)
 8 SYSTEMPATH\Boot.php(325): CodeIgniter\CodeIgniter->run()
 9 SYSTEMPATH\Boot.php(67): CodeIgniter\Boot::runCodeIgniter(Object(CodeIgniter\CodeIgniter))
10 FCPATH\index.php(56): CodeIgniter\Boot::bootWeb(Object(Config\Paths))
11 SYSTEMPATH\rewrite.php(44): require_once('C:\\xampp\\htdocs\\academia\\public\\index.php')
CRITICAL - 2024-11-21 19:58:05 --> Error: Call to undefined function set_value()
[Method: GET, Route: manuales/add]
in APPPATH\Views\manuales\add.php on line 15.
 1 SYSTEMPATH\View\View.php(234): include()
 2 SYSTEMPATH\View\View.php(237): CodeIgniter\View\View->CodeIgniter\View\{closure}()
 3 SYSTEMPATH\Common.php(1169): CodeIgniter\View\View->render('manuales/add', [], true)
 4 APPPATH\Controllers\ManualesController.php(44): view('manuales/add')
 5 SYSTEMPATH\CodeIgniter.php(933): App\Controllers\ManualesController->add()
 6 SYSTEMPATH\CodeIgniter.php(509): CodeIgniter\CodeIgniter->runController(Object(App\Controllers\ManualesController))
 7 SYSTEMPATH\CodeIgniter.php(355): CodeIgniter\CodeIgniter->handleRequest(null, Object(Config\Cache), false)
 8 SYSTEMPATH\Boot.php(325): CodeIgniter\CodeIgniter->run()
 9 SYSTEMPATH\Boot.php(67): CodeIgniter\Boot::runCodeIgniter(Object(CodeIgniter\CodeIgniter))
10 FCPATH\index.php(56): CodeIgniter\Boot::bootWeb(Object(Config\Paths))
11 SYSTEMPATH\rewrite.php(44): require_once('C:\\xampp\\htdocs\\academia\\public\\index.php')
CRITICAL - 2024-11-21 20:00:06 --> Error: Call to undefined function set_value()
[Method: GET, Route: manuales/add]
in APPPATH\Views\manuales\add.php on line 15.
 1 SYSTEMPATH\View\View.php(234): include()
 2 SYSTEMPATH\View\View.php(237): CodeIgniter\View\View->CodeIgniter\View\{closure}()
 3 SYSTEMPATH\Common.php(1169): CodeIgniter\View\View->render('manuales/add', [], true)
 4 APPPATH\Controllers\ManualesController.php(44): view('manuales/add')
 5 SYSTEMPATH\CodeIgniter.php(933): App\Controllers\ManualesController->add()
 6 SYSTEMPATH\CodeIgniter.php(509): CodeIgniter\CodeIgniter->runController(Object(App\Controllers\ManualesController))
 7 SYSTEMPATH\CodeIgniter.php(355): CodeIgniter\CodeIgniter->handleRequest(null, Object(Config\Cache), false)
 8 SYSTEMPATH\Boot.php(325): CodeIgniter\CodeIgniter->run()
 9 SYSTEMPATH\Boot.php(67): CodeIgniter\Boot::runCodeIgniter(Object(CodeIgniter\CodeIgniter))
10 FCPATH\index.php(56): CodeIgniter\Boot::bootWeb(Object(Config\Paths))
11 SYSTEMPATH\rewrite.php(44): require_once('C:\\xampp\\htdocs\\academia\\public\\index.php')
CRITICAL - 2024-11-21 20:00:59 --> Error: Call to undefined function set_value()
[Method: GET, Route: manuales/add]
in APPPATH\Views\manuales\add.php on line 15.
 1 SYSTEMPATH\View\View.php(234): include()
 2 SYSTEMPATH\View\View.php(237): CodeIgniter\View\View->CodeIgniter\View\{closure}()
 3 SYSTEMPATH\Common.php(1169): CodeIgniter\View\View->render('manuales/add', [], true)
 4 APPPATH\Controllers\ManualesController.php(44): view('manuales/add')
 5 SYSTEMPATH\CodeIgniter.php(933): App\Controllers\ManualesController->add()
 6 SYSTEMPATH\CodeIgniter.php(509): CodeIgniter\CodeIgniter->runController(Object(App\Controllers\ManualesController))
 7 SYSTEMPATH\CodeIgniter.php(355): CodeIgniter\CodeIgniter->handleRequest(null, Object(Config\Cache), false)
 8 SYSTEMPATH\Boot.php(325): CodeIgniter\CodeIgniter->run()
 9 SYSTEMPATH\Boot.php(67): CodeIgniter\Boot::runCodeIgniter(Object(CodeIgniter\CodeIgniter))
10 FCPATH\index.php(56): CodeIgniter\Boot::bootWeb(Object(Config\Paths))
11 SYSTEMPATH\rewrite.php(44): require_once('C:\\xampp\\htdocs\\academia\\public\\index.php')
CRITICAL - 2024-11-21 20:01:37 --> Error: Call to undefined function set_value()
[Method: GET, Route: manuales/add]
in APPPATH\Views\manuales\add.php on line 15.
 1 SYSTEMPATH\View\View.php(234): include()
 2 SYSTEMPATH\View\View.php(237): CodeIgniter\View\View->CodeIgniter\View\{closure}()
 3 SYSTEMPATH\Common.php(1169): CodeIgniter\View\View->render('manuales/add', [], true)
 4 APPPATH\Controllers\ManualesController.php(44): view('manuales/add')
 5 SYSTEMPATH\CodeIgniter.php(933): App\Controllers\ManualesController->add()
 6 SYSTEMPATH\CodeIgniter.php(509): CodeIgniter\CodeIgniter->runController(Object(App\Controllers\ManualesController))
 7 SYSTEMPATH\CodeIgniter.php(355): CodeIgniter\CodeIgniter->handleRequest(null, Object(Config\Cache), false)
 8 SYSTEMPATH\Boot.php(325): CodeIgniter\CodeIgniter->run()
 9 SYSTEMPATH\Boot.php(67): CodeIgniter\Boot::runCodeIgniter(Object(CodeIgniter\CodeIgniter))
10 FCPATH\index.php(56): CodeIgniter\Boot::bootWeb(Object(Config\Paths))
11 SYSTEMPATH\rewrite.php(44): require_once('C:\\xampp\\htdocs\\academia\\public\\index.php')
CRITICAL - 2024-11-21 20:22:51 --> Error: Call to undefined function validation_list_errors()
[Method: GET, Route: manuales/add]
in APPPATH\Views\manuales\add.php on line 6.
 1 SYSTEMPATH\View\View.php(234): include()
 2 SYSTEMPATH\View\View.php(237): CodeIgniter\View\View->CodeIgniter\View\{closure}()
 3 SYSTEMPATH\Common.php(1169): CodeIgniter\View\View->render('manuales/add', [], true)
 4 APPPATH\Controllers\ManualesController.php(44): view('manuales/add')
 5 SYSTEMPATH\CodeIgniter.php(933): App\Controllers\ManualesController->add()
 6 SYSTEMPATH\CodeIgniter.php(509): CodeIgniter\CodeIgniter->runController(Object(App\Controllers\ManualesController))
 7 SYSTEMPATH\CodeIgniter.php(355): CodeIgniter\CodeIgniter->handleRequest(null, Object(Config\Cache), false)
 8 SYSTEMPATH\Boot.php(325): CodeIgniter\CodeIgniter->run()
 9 SYSTEMPATH\Boot.php(67): CodeIgniter\Boot::runCodeIgniter(Object(CodeIgniter\CodeIgniter))
10 FCPATH\index.php(56): CodeIgniter\Boot::bootWeb(Object(Config\Paths))
11 SYSTEMPATH\rewrite.php(44): require_once('C:\\xampp\\htdocs\\academia\\public\\index.php')
