CRITICAL - 2024-09-12 17:12:08 --> ErrorException: Undefined variable $variables
[Method: GET, Route: materias]
in APPPATH\Views\materias_view.php on line 4.
 1 APPPATH\Views\materias_view.php(4): CodeIgniter\Debug\Exceptions->errorHandler(2, 'Undefined variable $variables', 'C:\\xampp\\htdocs\\academia\\app\\Views\\materias_view.php', 4)
 2 SYSTEMPATH\View\View.php(234): include('C:\\xampp\\htdocs\\academia\\app\\Views\\materias_view.php')
 3 SYSTEMPATH\View\View.php(237): CodeIgniter\View\View->CodeIgniter\View\{closure}()
 4 SYSTEMPATH\Common.php(1169): CodeIgniter\View\View->render('materias_view', [], true)
 5 APPPATH\Controllers\MateriasController.php(11): view('materias_view', [...])
 6 SYSTEMPATH\CodeIgniter.php(933): App\Controllers\MateriasController->index()
 7 SYSTEMPATH\CodeIgniter.php(509): CodeIgniter\CodeIgniter->runController(Object(App\Controllers\MateriasController))
 8 SYSTEMPATH\CodeIgniter.php(355): CodeIgniter\CodeIgniter->handleRequest(null, Object(Config\Cache), false)
 9 SYSTEMPATH\Boot.php(325): CodeIgniter\CodeIgniter->run()
10 SYSTEMPATH\Boot.php(67): CodeIgniter\Boot::runCodeIgniter(Object(CodeIgniter\CodeIgniter))
11 FCPATH\index.php(56): CodeIgniter\Boot::bootWeb(Object(Config\Paths))
12 SYSTEMPATH\rewrite.php(44): require_once('C:\\xampp\\htdocs\\academia\\public\\index.php')
CRITICAL - 2024-09-12 17:47:08 --> ErrorException: Undefined property: stdClass::$idmateria
[Method: GET, Route: materias]
in APPPATH\Views\materias\show.php on line 19.
 1 APPPATH\Views\materias\show.php(19): CodeIgniter\Debug\Exceptions->errorHandler(2, 'Undefined property: stdClass::$idmateria', 'C:\\xampp\\htdocs\\academia\\app\\Views\\materias\\show.php', 19)
 2 SYSTEMPATH\View\View.php(234): include('C:\\xampp\\htdocs\\academia\\app\\Views\\materias\\show.php')
 3 SYSTEMPATH\View\View.php(237): CodeIgniter\View\View->CodeIgniter\View\{closure}()
 4 SYSTEMPATH\Common.php(1169): CodeIgniter\View\View->render('materias/show', [], true)
 5 APPPATH\Controllers\MateriasController.php(11): view('materias/show', [...])
 6 SYSTEMPATH\CodeIgniter.php(933): App\Controllers\MateriasController->index()
 7 SYSTEMPATH\CodeIgniter.php(509): CodeIgniter\CodeIgniter->runController(Object(App\Controllers\MateriasController))
 8 SYSTEMPATH\CodeIgniter.php(355): CodeIgniter\CodeIgniter->handleRequest(null, Object(Config\Cache), false)
 9 SYSTEMPATH\Boot.php(325): CodeIgniter\CodeIgniter->run()
10 SYSTEMPATH\Boot.php(67): CodeIgniter\Boot::runCodeIgniter(Object(CodeIgniter\CodeIgniter))
11 FCPATH\index.php(56): CodeIgniter\Boot::bootWeb(Object(Config\Paths))
12 SYSTEMPATH\rewrite.php(44): require_once('C:\\xampp\\htdocs\\academia\\public\\index.php')
CRITICAL - 2024-09-12 17:47:33 --> ErrorException: Undefined property: stdClass::$idmateria
[Method: GET, Route: materias]
in APPPATH\Views\materias\show.php on line 19.
 1 APPPATH\Views\materias\show.php(19): CodeIgniter\Debug\Exceptions->errorHandler(2, 'Undefined property: stdClass::$idmateria', 'C:\\xampp\\htdocs\\academia\\app\\Views\\materias\\show.php', 19)
 2 SYSTEMPATH\View\View.php(234): include('C:\\xampp\\htdocs\\academia\\app\\Views\\materias\\show.php')
 3 SYSTEMPATH\View\View.php(237): CodeIgniter\View\View->CodeIgniter\View\{closure}()
 4 SYSTEMPATH\Common.php(1169): CodeIgniter\View\View->render('materias/show', [], true)
 5 APPPATH\Controllers\MateriasController.php(11): view('materias/show', [...])
 6 SYSTEMPATH\CodeIgniter.php(933): App\Controllers\MateriasController->index()
 7 SYSTEMPATH\CodeIgniter.php(509): CodeIgniter\CodeIgniter->runController(Object(App\Controllers\MateriasController))
 8 SYSTEMPATH\CodeIgniter.php(355): CodeIgniter\CodeIgniter->handleRequest(null, Object(Config\Cache), false)
 9 SYSTEMPATH\Boot.php(325): CodeIgniter\CodeIgniter->run()
10 SYSTEMPATH\Boot.php(67): CodeIgniter\Boot::runCodeIgniter(Object(CodeIgniter\CodeIgniter))
11 FCPATH\index.php(56): CodeIgniter\Boot::bootWeb(Object(Config\Paths))
12 SYSTEMPATH\rewrite.php(44): require_once('C:\\xampp\\htdocs\\academia\\public\\index.php')
CRITICAL - 2024-09-12 18:55:56 --> ErrorException: Undefined property: stdClass::$idmateria
[Method: GET, Route: materias]
in APPPATH\Views\materias\show.php on line 19.
 1 APPPATH\Views\materias\show.php(19): CodeIgniter\Debug\Exceptions->errorHandler(2, 'Undefined property: stdClass::$idmateria', 'C:\\xampp\\htdocs\\academia\\app\\Views\\materias\\show.php', 19)
 2 SYSTEMPATH\View\View.php(234): include('C:\\xampp\\htdocs\\academia\\app\\Views\\materias\\show.php')
 3 SYSTEMPATH\View\View.php(237): CodeIgniter\View\View->CodeIgniter\View\{closure}()
 4 SYSTEMPATH\Common.php(1169): CodeIgniter\View\View->render('materias/show', [], true)
 5 APPPATH\Controllers\MateriasController.php(13): view('materias/show', [...])
 6 SYSTEMPATH\CodeIgniter.php(933): App\Controllers\MateriasController->index()
 7 SYSTEMPATH\CodeIgniter.php(509): CodeIgniter\CodeIgniter->runController(Object(App\Controllers\MateriasController))
 8 SYSTEMPATH\CodeIgniter.php(355): CodeIgniter\CodeIgniter->handleRequest(null, Object(Config\Cache), false)
 9 SYSTEMPATH\Boot.php(325): CodeIgniter\CodeIgniter->run()
10 SYSTEMPATH\Boot.php(67): CodeIgniter\Boot::runCodeIgniter(Object(CodeIgniter\CodeIgniter))
11 FCPATH\index.php(56): CodeIgniter\Boot::bootWeb(Object(Config\Paths))
12 SYSTEMPATH\rewrite.php(44): require_once('C:\\xampp\\htdocs\\academia\\public\\index.php')
CRITICAL - 2024-09-12 18:56:30 --> ErrorException: Undefined property: stdClass::$idmateria
[Method: GET, Route: materias]
in APPPATH\Views\materias\show.php on line 19.
 1 APPPATH\Views\materias\show.php(19): CodeIgniter\Debug\Exceptions->errorHandler(2, 'Undefined property: stdClass::$idmateria', 'C:\\xampp\\htdocs\\academia\\app\\Views\\materias\\show.php', 19)
 2 SYSTEMPATH\View\View.php(234): include('C:\\xampp\\htdocs\\academia\\app\\Views\\materias\\show.php')
 3 SYSTEMPATH\View\View.php(237): CodeIgniter\View\View->CodeIgniter\View\{closure}()
 4 SYSTEMPATH\Common.php(1169): CodeIgniter\View\View->render('materias/show', [], true)
 5 APPPATH\Controllers\MateriasController.php(13): view('materias/show', [...])
 6 SYSTEMPATH\CodeIgniter.php(933): App\Controllers\MateriasController->index()
 7 SYSTEMPATH\CodeIgniter.php(509): CodeIgniter\CodeIgniter->runController(Object(App\Controllers\MateriasController))
 8 SYSTEMPATH\CodeIgniter.php(355): CodeIgniter\CodeIgniter->handleRequest(null, Object(Config\Cache), false)
 9 SYSTEMPATH\Boot.php(325): CodeIgniter\CodeIgniter->run()
10 SYSTEMPATH\Boot.php(67): CodeIgniter\Boot::runCodeIgniter(Object(CodeIgniter\CodeIgniter))
11 FCPATH\index.php(56): CodeIgniter\Boot::bootWeb(Object(Config\Paths))
12 SYSTEMPATH\rewrite.php(44): require_once('C:\\xampp\\htdocs\\academia\\public\\index.php')
CRITICAL - 2024-09-12 18:57:27 --> ErrorException: Undefined property: stdClass::$materia
[Method: GET, Route: materias]
in APPPATH\Views\materias\show.php on line 20.
 1 APPPATH\Views\materias\show.php(20): CodeIgniter\Debug\Exceptions->errorHandler(2, 'Undefined property: stdClass::$materia', 'C:\\xampp\\htdocs\\academia\\app\\Views\\materias\\show.php', 20)
 2 SYSTEMPATH\View\View.php(234): include('C:\\xampp\\htdocs\\academia\\app\\Views\\materias\\show.php')
 3 SYSTEMPATH\View\View.php(237): CodeIgniter\View\View->CodeIgniter\View\{closure}()
 4 SYSTEMPATH\Common.php(1169): CodeIgniter\View\View->render('materias/show', [], true)
 5 APPPATH\Controllers\MateriasController.php(13): view('materias/show', [...])
 6 SYSTEMPATH\CodeIgniter.php(933): App\Controllers\MateriasController->index()
 7 SYSTEMPATH\CodeIgniter.php(509): CodeIgniter\CodeIgniter->runController(Object(App\Controllers\MateriasController))
 8 SYSTEMPATH\CodeIgniter.php(355): CodeIgniter\CodeIgniter->handleRequest(null, Object(Config\Cache), false)
 9 SYSTEMPATH\Boot.php(325): CodeIgniter\CodeIgniter->run()
10 SYSTEMPATH\Boot.php(67): CodeIgniter\Boot::runCodeIgniter(Object(CodeIgniter\CodeIgniter))
11 FCPATH\index.php(56): CodeIgniter\Boot::bootWeb(Object(Config\Paths))
12 SYSTEMPATH\rewrite.php(44): require_once('C:\\xampp\\htdocs\\academia\\public\\index.php')
CRITICAL - 2024-09-12 18:58:31 --> ErrorException: Undefined property: stdClass::$idmateria
[Method: GET, Route: materias]
in APPPATH\Views\materias\show.php on line 19.
 1 APPPATH\Views\materias\show.php(19): CodeIgniter\Debug\Exceptions->errorHandler(2, 'Undefined property: stdClass::$idmateria', 'C:\\xampp\\htdocs\\academia\\app\\Views\\materias\\show.php', 19)
 2 SYSTEMPATH\View\View.php(234): include('C:\\xampp\\htdocs\\academia\\app\\Views\\materias\\show.php')
 3 SYSTEMPATH\View\View.php(237): CodeIgniter\View\View->CodeIgniter\View\{closure}()
 4 SYSTEMPATH\Common.php(1169): CodeIgniter\View\View->render('materias/show', [], true)
 5 APPPATH\Controllers\MateriasController.php(13): view('materias/show', [...])
 6 SYSTEMPATH\CodeIgniter.php(933): App\Controllers\MateriasController->index()
 7 SYSTEMPATH\CodeIgniter.php(509): CodeIgniter\CodeIgniter->runController(Object(App\Controllers\MateriasController))
 8 SYSTEMPATH\CodeIgniter.php(355): CodeIgniter\CodeIgniter->handleRequest(null, Object(Config\Cache), false)
 9 SYSTEMPATH\Boot.php(325): CodeIgniter\CodeIgniter->run()
10 SYSTEMPATH\Boot.php(67): CodeIgniter\Boot::runCodeIgniter(Object(CodeIgniter\CodeIgniter))
11 FCPATH\index.php(56): CodeIgniter\Boot::bootWeb(Object(Config\Paths))
12 SYSTEMPATH\rewrite.php(44): require_once('C:\\xampp\\htdocs\\academia\\public\\index.php')
CRITICAL - 2024-09-12 18:58:39 --> ErrorException: Undefined property: stdClass::$Materia
[Method: GET, Route: materias]
in APPPATH\Views\materias\show.php on line 20.
 1 APPPATH\Views\materias\show.php(20): CodeIgniter\Debug\Exceptions->errorHandler(2, 'Undefined property: stdClass::$Materia', 'C:\\xampp\\htdocs\\academia\\app\\Views\\materias\\show.php', 20)
 2 SYSTEMPATH\View\View.php(234): include('C:\\xampp\\htdocs\\academia\\app\\Views\\materias\\show.php')
 3 SYSTEMPATH\View\View.php(237): CodeIgniter\View\View->CodeIgniter\View\{closure}()
 4 SYSTEMPATH\Common.php(1169): CodeIgniter\View\View->render('materias/show', [], true)
 5 APPPATH\Controllers\MateriasController.php(13): view('materias/show', [...])
 6 SYSTEMPATH\CodeIgniter.php(933): App\Controllers\MateriasController->index()
 7 SYSTEMPATH\CodeIgniter.php(509): CodeIgniter\CodeIgniter->runController(Object(App\Controllers\MateriasController))
 8 SYSTEMPATH\CodeIgniter.php(355): CodeIgniter\CodeIgniter->handleRequest(null, Object(Config\Cache), false)
 9 SYSTEMPATH\Boot.php(325): CodeIgniter\CodeIgniter->run()
10 SYSTEMPATH\Boot.php(67): CodeIgniter\Boot::runCodeIgniter(Object(CodeIgniter\CodeIgniter))
11 FCPATH\index.php(56): CodeIgniter\Boot::bootWeb(Object(Config\Paths))
12 SYSTEMPATH\rewrite.php(44): require_once('C:\\xampp\\htdocs\\academia\\public\\index.php')
CRITICAL - 2024-09-12 18:59:15 --> ErrorException: Undefined property: stdClass::$Materia
[Method: GET, Route: materias]
in APPPATH\Views\materias\show.php on line 20.
 1 APPPATH\Views\materias\show.php(20): CodeIgniter\Debug\Exceptions->errorHandler(2, 'Undefined property: stdClass::$Materia', 'C:\\xampp\\htdocs\\academia\\app\\Views\\materias\\show.php', 20)
 2 SYSTEMPATH\View\View.php(234): include('C:\\xampp\\htdocs\\academia\\app\\Views\\materias\\show.php')
 3 SYSTEMPATH\View\View.php(237): CodeIgniter\View\View->CodeIgniter\View\{closure}()
 4 SYSTEMPATH\Common.php(1169): CodeIgniter\View\View->render('materias/show', [], true)
 5 APPPATH\Controllers\MateriasController.php(13): view('materias/show', [...])
 6 SYSTEMPATH\CodeIgniter.php(933): App\Controllers\MateriasController->index()
 7 SYSTEMPATH\CodeIgniter.php(509): CodeIgniter\CodeIgniter->runController(Object(App\Controllers\MateriasController))
 8 SYSTEMPATH\CodeIgniter.php(355): CodeIgniter\CodeIgniter->handleRequest(null, Object(Config\Cache), false)
 9 SYSTEMPATH\Boot.php(325): CodeIgniter\CodeIgniter->run()
10 SYSTEMPATH\Boot.php(67): CodeIgniter\Boot::runCodeIgniter(Object(CodeIgniter\CodeIgniter))
11 FCPATH\index.php(56): CodeIgniter\Boot::bootWeb(Object(Config\Paths))
12 SYSTEMPATH\rewrite.php(44): require_once('C:\\xampp\\htdocs\\academia\\public\\index.php')
CRITICAL - 2024-09-12 19:05:19 --> ErrorException: Undefined property: stdClass::$Nombre
[Method: GET, Route: materias]
in APPPATH\Views\materias\show.php on line 20.
 1 APPPATH\Views\materias\show.php(20): CodeIgniter\Debug\Exceptions->errorHandler(2, 'Undefined property: stdClass::$Nombre', 'C:\\xampp\\htdocs\\academia\\app\\Views\\materias\\show.php', 20)
 2 SYSTEMPATH\View\View.php(234): include('C:\\xampp\\htdocs\\academia\\app\\Views\\materias\\show.php')
 3 SYSTEMPATH\View\View.php(237): CodeIgniter\View\View->CodeIgniter\View\{closure}()
 4 SYSTEMPATH\Common.php(1169): CodeIgniter\View\View->render('materias/show', [], true)
 5 APPPATH\Controllers\MateriasController.php(13): view('materias/show', [...])
 6 SYSTEMPATH\CodeIgniter.php(933): App\Controllers\MateriasController->index()
 7 SYSTEMPATH\CodeIgniter.php(509): CodeIgniter\CodeIgniter->runController(Object(App\Controllers\MateriasController))
 8 SYSTEMPATH\CodeIgniter.php(355): CodeIgniter\CodeIgniter->handleRequest(null, Object(Config\Cache), false)
 9 SYSTEMPATH\Boot.php(325): CodeIgniter\CodeIgniter->run()
10 SYSTEMPATH\Boot.php(67): CodeIgniter\Boot::runCodeIgniter(Object(CodeIgniter\CodeIgniter))
11 FCPATH\index.php(56): CodeIgniter\Boot::bootWeb(Object(Config\Paths))
12 SYSTEMPATH\rewrite.php(44): require_once('C:\\xampp\\htdocs\\academia\\public\\index.php')
CRITICAL - 2024-09-12 19:05:31 --> ErrorException: Undefined property: stdClass::$idmaterias
[Method: GET, Route: materias]
in APPPATH\Views\materias\show.php on line 22.
 1 APPPATH\Views\materias\show.php(22): CodeIgniter\Debug\Exceptions->errorHandler(2, 'Undefined property: stdClass::$idmaterias', 'C:\\xampp\\htdocs\\academia\\app\\Views\\materias\\show.php', 22)
 2 SYSTEMPATH\View\View.php(234): include('C:\\xampp\\htdocs\\academia\\app\\Views\\materias\\show.php')
 3 SYSTEMPATH\View\View.php(237): CodeIgniter\View\View->CodeIgniter\View\{closure}()
 4 SYSTEMPATH\Common.php(1169): CodeIgniter\View\View->render('materias/show', [], true)
 5 APPPATH\Controllers\MateriasController.php(13): view('materias/show', [...])
 6 SYSTEMPATH\CodeIgniter.php(933): App\Controllers\MateriasController->index()
 7 SYSTEMPATH\CodeIgniter.php(509): CodeIgniter\CodeIgniter->runController(Object(App\Controllers\MateriasController))
 8 SYSTEMPATH\CodeIgniter.php(355): CodeIgniter\CodeIgniter->handleRequest(null, Object(Config\Cache), false)
 9 SYSTEMPATH\Boot.php(325): CodeIgniter\CodeIgniter->run()
10 SYSTEMPATH\Boot.php(67): CodeIgniter\Boot::runCodeIgniter(Object(CodeIgniter\CodeIgniter))
11 FCPATH\index.php(56): CodeIgniter\Boot::bootWeb(Object(Config\Paths))
12 SYSTEMPATH\rewrite.php(44): require_once('C:\\xampp\\htdocs\\academia\\public\\index.php')
CRITICAL - 2024-09-12 19:06:19 --> Error: Call to undefined function validation_list_errors()
[Method: GET, Route: materias/add/]
in APPPATH\Views\materias\add.php on line 6.
 1 SYSTEMPATH\View\View.php(234): include()
 2 SYSTEMPATH\View\View.php(237): CodeIgniter\View\View->CodeIgniter\View\{closure}()
 3 SYSTEMPATH\Common.php(1169): CodeIgniter\View\View->render('materias/add', [], true)
 4 APPPATH\Controllers\MateriasController.php(23): view('materias/add')
 5 SYSTEMPATH\CodeIgniter.php(933): App\Controllers\MateriasController->add()
 6 SYSTEMPATH\CodeIgniter.php(509): CodeIgniter\CodeIgniter->runController(Object(App\Controllers\MateriasController))
 7 SYSTEMPATH\CodeIgniter.php(355): CodeIgniter\CodeIgniter->handleRequest(null, Object(Config\Cache), false)
 8 SYSTEMPATH\Boot.php(325): CodeIgniter\CodeIgniter->run()
 9 SYSTEMPATH\Boot.php(67): CodeIgniter\Boot::runCodeIgniter(Object(CodeIgniter\CodeIgniter))
10 FCPATH\index.php(56): CodeIgniter\Boot::bootWeb(Object(Config\Paths))
11 SYSTEMPATH\rewrite.php(44): require_once('C:\\xampp\\htdocs\\academia\\public\\index.php')
CRITICAL - 2024-09-12 19:07:36 --> Error: Call to undefined function validation_list_errors()
[Method: GET, Route: materias/add/]
in APPPATH\Views\materias\add.php on line 6.
 1 SYSTEMPATH\View\View.php(234): include()
 2 SYSTEMPATH\View\View.php(237): CodeIgniter\View\View->CodeIgniter\View\{closure}()
 3 SYSTEMPATH\Common.php(1169): CodeIgniter\View\View->render('materias/add', [], true)
 4 APPPATH\Controllers\MateriasController.php(23): view('materias/add')
 5 SYSTEMPATH\CodeIgniter.php(933): App\Controllers\MateriasController->add()
 6 SYSTEMPATH\CodeIgniter.php(509): CodeIgniter\CodeIgniter->runController(Object(App\Controllers\MateriasController))
 7 SYSTEMPATH\CodeIgniter.php(355): CodeIgniter\CodeIgniter->handleRequest(null, Object(Config\Cache), false)
 8 SYSTEMPATH\Boot.php(325): CodeIgniter\CodeIgniter->run()
 9 SYSTEMPATH\Boot.php(67): CodeIgniter\Boot::runCodeIgniter(Object(CodeIgniter\CodeIgniter))
10 FCPATH\index.php(56): CodeIgniter\Boot::bootWeb(Object(Config\Paths))
11 SYSTEMPATH\rewrite.php(44): require_once('C:\\xampp\\htdocs\\academia\\public\\index.php')
CRITICAL - 2024-09-12 19:09:03 --> Error: Call to undefined function validation_list_errors()
[Method: GET, Route: materias/add/]
in APPPATH\Views\materias\add.php on line 6.
 1 SYSTEMPATH\View\View.php(234): include()
 2 SYSTEMPATH\View\View.php(237): CodeIgniter\View\View->CodeIgniter\View\{closure}()
 3 SYSTEMPATH\Common.php(1169): CodeIgniter\View\View->render('materias/add', [], true)
 4 APPPATH\Controllers\MateriasController.php(23): view('materias/add')
 5 SYSTEMPATH\CodeIgniter.php(933): App\Controllers\MateriasController->add()
 6 SYSTEMPATH\CodeIgniter.php(509): CodeIgniter\CodeIgniter->runController(Object(App\Controllers\MateriasController))
 7 SYSTEMPATH\CodeIgniter.php(355): CodeIgniter\CodeIgniter->handleRequest(null, Object(Config\Cache), false)
 8 SYSTEMPATH\Boot.php(325): CodeIgniter\CodeIgniter->run()
 9 SYSTEMPATH\Boot.php(67): CodeIgniter\Boot::runCodeIgniter(Object(CodeIgniter\CodeIgniter))
10 FCPATH\index.php(56): CodeIgniter\Boot::bootWeb(Object(Config\Paths))
11 SYSTEMPATH\rewrite.php(44): require_once('C:\\xampp\\htdocs\\academia\\public\\index.php')
CRITICAL - 2024-09-12 19:10:00 --> Error: Call to undefined function validation_list_errors()
[Method: GET, Route: materias/add/]
in APPPATH\Views\materias\add.php on line 6.
 1 SYSTEMPATH\View\View.php(234): include()
 2 SYSTEMPATH\View\View.php(237): CodeIgniter\View\View->CodeIgniter\View\{closure}()
 3 SYSTEMPATH\Common.php(1169): CodeIgniter\View\View->render('materias/add', [], true)
 4 APPPATH\Controllers\MateriasController.php(23): view('materias/add')
 5 SYSTEMPATH\CodeIgniter.php(933): App\Controllers\MateriasController->add()
 6 SYSTEMPATH\CodeIgniter.php(509): CodeIgniter\CodeIgniter->runController(Object(App\Controllers\MateriasController))
 7 SYSTEMPATH\CodeIgniter.php(355): CodeIgniter\CodeIgniter->handleRequest(null, Object(Config\Cache), false)
 8 SYSTEMPATH\Boot.php(325): CodeIgniter\CodeIgniter->run()
 9 SYSTEMPATH\Boot.php(67): CodeIgniter\Boot::runCodeIgniter(Object(CodeIgniter\CodeIgniter))
10 FCPATH\index.php(56): CodeIgniter\Boot::bootWeb(Object(Config\Paths))
11 SYSTEMPATH\rewrite.php(44): require_once('C:\\xampp\\htdocs\\academia\\public\\index.php')
CRITICAL - 2024-09-12 19:11:17 --> Error: Call to undefined function validation_list_errors()
[Method: GET, Route: materias/add/]
in APPPATH\Views\materias\add.php on line 6.
 1 SYSTEMPATH\View\View.php(234): include()
 2 SYSTEMPATH\View\View.php(237): CodeIgniter\View\View->CodeIgniter\View\{closure}()
 3 SYSTEMPATH\Common.php(1169): CodeIgniter\View\View->render('materias/add', [], true)
 4 APPPATH\Controllers\MateriasController.php(23): view('materias/add')
 5 SYSTEMPATH\CodeIgniter.php(933): App\Controllers\MateriasController->add()
 6 SYSTEMPATH\CodeIgniter.php(509): CodeIgniter\CodeIgniter->runController(Object(App\Controllers\MateriasController))
 7 SYSTEMPATH\CodeIgniter.php(355): CodeIgniter\CodeIgniter->handleRequest(null, Object(Config\Cache), false)
 8 SYSTEMPATH\Boot.php(325): CodeIgniter\CodeIgniter->run()
 9 SYSTEMPATH\Boot.php(67): CodeIgniter\Boot::runCodeIgniter(Object(CodeIgniter\CodeIgniter))
10 FCPATH\index.php(56): CodeIgniter\Boot::bootWeb(Object(Config\Paths))
11 SYSTEMPATH\rewrite.php(44): require_once('C:\\xampp\\htdocs\\academia\\public\\index.php')
CRITICAL - 2024-09-12 19:22:07 --> Error: Call to undefined function validation_list_errors()
[Method: GET, Route: materias/add/]
in APPPATH\Views\materias\add.php on line 6.
 1 SYSTEMPATH\View\View.php(234): include()
 2 SYSTEMPATH\View\View.php(237): CodeIgniter\View\View->CodeIgniter\View\{closure}()
 3 SYSTEMPATH\Common.php(1169): CodeIgniter\View\View->render('materias/add', [], true)
 4 APPPATH\Controllers\MateriasController.php(23): view('materias/add')
 5 SYSTEMPATH\CodeIgniter.php(933): App\Controllers\MateriasController->add()
 6 SYSTEMPATH\CodeIgniter.php(509): CodeIgniter\CodeIgniter->runController(Object(App\Controllers\MateriasController))
 7 SYSTEMPATH\CodeIgniter.php(355): CodeIgniter\CodeIgniter->handleRequest(null, Object(Config\Cache), false)
 8 SYSTEMPATH\Boot.php(325): CodeIgniter\CodeIgniter->run()
 9 SYSTEMPATH\Boot.php(67): CodeIgniter\Boot::runCodeIgniter(Object(CodeIgniter\CodeIgniter))
10 FCPATH\index.php(56): CodeIgniter\Boot::bootWeb(Object(Config\Paths))
11 SYSTEMPATH\rewrite.php(44): require_once('C:\\xampp\\htdocs\\academia\\public\\index.php')
CRITICAL - 2024-09-12 19:25:43 --> Error: Call to undefined function validation_list_errors()
[Method: GET, Route: materias/add/]
in APPPATH\Views\materias\add.php on line 5.
 1 SYSTEMPATH\View\View.php(234): include()
 2 SYSTEMPATH\View\View.php(237): CodeIgniter\View\View->CodeIgniter\View\{closure}()
 3 SYSTEMPATH\Common.php(1169): CodeIgniter\View\View->render('materias/add', [], true)
 4 APPPATH\Controllers\MateriasController.php(23): view('materias/add')
 5 SYSTEMPATH\CodeIgniter.php(933): App\Controllers\MateriasController->add()
 6 SYSTEMPATH\CodeIgniter.php(509): CodeIgniter\CodeIgniter->runController(Object(App\Controllers\MateriasController))
 7 SYSTEMPATH\CodeIgniter.php(355): CodeIgniter\CodeIgniter->handleRequest(null, Object(Config\Cache), false)
 8 SYSTEMPATH\Boot.php(325): CodeIgniter\CodeIgniter->run()
 9 SYSTEMPATH\Boot.php(67): CodeIgniter\Boot::runCodeIgniter(Object(CodeIgniter\CodeIgniter))
10 FCPATH\index.php(56): CodeIgniter\Boot::bootWeb(Object(Config\Paths))
11 SYSTEMPATH\rewrite.php(44): require_once('C:\\xampp\\htdocs\\academia\\public\\index.php')
CRITICAL - 2024-09-12 19:25:47 --> Error: Call to undefined function validation_list_errors()
[Method: GET, Route: materias/add/]
in APPPATH\Views\materias\add.php on line 5.
 1 SYSTEMPATH\View\View.php(234): include()
 2 SYSTEMPATH\View\View.php(237): CodeIgniter\View\View->CodeIgniter\View\{closure}()
 3 SYSTEMPATH\Common.php(1169): CodeIgniter\View\View->render('materias/add', [], true)
 4 APPPATH\Controllers\MateriasController.php(23): view('materias/add')
 5 SYSTEMPATH\CodeIgniter.php(933): App\Controllers\MateriasController->add()
 6 SYSTEMPATH\CodeIgniter.php(509): CodeIgniter\CodeIgniter->runController(Object(App\Controllers\MateriasController))
 7 SYSTEMPATH\CodeIgniter.php(355): CodeIgniter\CodeIgniter->handleRequest(null, Object(Config\Cache), false)
 8 SYSTEMPATH\Boot.php(325): CodeIgniter\CodeIgniter->run()
 9 SYSTEMPATH\Boot.php(67): CodeIgniter\Boot::runCodeIgniter(Object(CodeIgniter\CodeIgniter))
10 FCPATH\index.php(56): CodeIgniter\Boot::bootWeb(Object(Config\Paths))
11 SYSTEMPATH\rewrite.php(44): require_once('C:\\xampp\\htdocs\\academia\\public\\index.php')
CRITICAL - 2024-09-12 19:33:16 --> Error: Call to undefined function validation_list_errors()
[Method: GET, Route: materias/add/]
in APPPATH\Views\materias\add.php on line 5.
 1 SYSTEMPATH\View\View.php(234): include()
 2 SYSTEMPATH\View\View.php(237): CodeIgniter\View\View->CodeIgniter\View\{closure}()
 3 SYSTEMPATH\Common.php(1169): CodeIgniter\View\View->render('materias/add', [], true)
 4 APPPATH\Controllers\MateriasController.php(23): view('materias/add')
 5 SYSTEMPATH\CodeIgniter.php(933): App\Controllers\MateriasController->add()
 6 SYSTEMPATH\CodeIgniter.php(509): CodeIgniter\CodeIgniter->runController(Object(App\Controllers\MateriasController))
 7 SYSTEMPATH\CodeIgniter.php(355): CodeIgniter\CodeIgniter->handleRequest(null, Object(Config\Cache), false)
 8 SYSTEMPATH\Boot.php(325): CodeIgniter\CodeIgniter->run()
 9 SYSTEMPATH\Boot.php(67): CodeIgniter\Boot::runCodeIgniter(Object(CodeIgniter\CodeIgniter))
10 FCPATH\index.php(56): CodeIgniter\Boot::bootWeb(Object(Config\Paths))
11 SYSTEMPATH\rewrite.php(44): require_once('C:\\xampp\\htdocs\\academia\\public\\index.php')
CRITICAL - 2024-09-12 19:33:49 --> Error: Call to undefined function validation_list_errors()
[Method: GET, Route: materias/add/]
in APPPATH\Views\materias\add.php on line 6.
 1 SYSTEMPATH\View\View.php(234): include()
 2 SYSTEMPATH\View\View.php(237): CodeIgniter\View\View->CodeIgniter\View\{closure}()
 3 SYSTEMPATH\Common.php(1169): CodeIgniter\View\View->render('materias/add', [], true)
 4 APPPATH\Controllers\MateriasController.php(23): view('materias/add')
 5 SYSTEMPATH\CodeIgniter.php(933): App\Controllers\MateriasController->add()
 6 SYSTEMPATH\CodeIgniter.php(509): CodeIgniter\CodeIgniter->runController(Object(App\Controllers\MateriasController))
 7 SYSTEMPATH\CodeIgniter.php(355): CodeIgniter\CodeIgniter->handleRequest(null, Object(Config\Cache), false)
 8 SYSTEMPATH\Boot.php(325): CodeIgniter\CodeIgniter->run()
 9 SYSTEMPATH\Boot.php(67): CodeIgniter\Boot::runCodeIgniter(Object(CodeIgniter\CodeIgniter))
10 FCPATH\index.php(56): CodeIgniter\Boot::bootWeb(Object(Config\Paths))
11 SYSTEMPATH\rewrite.php(44): require_once('C:\\xampp\\htdocs\\academia\\public\\index.php')
