CRITICAL - 2024-09-18 17:09:00 --> ErrorException: Array to string conversion
[Method: GET, Route: materias]
in APPPATH\Views\materias\show.php on line 26.
 1 APPPATH\Views\materias\show.php(26): CodeIgniter\Debug\Exceptions->errorHandler(2, 'Array to string conversion', 'C:\\xampp\\htdocs\\academia\\app\\Views\\materias\\show.php', 26)
 2 SYSTEMPATH\View\View.php(234): include('C:\\xampp\\htdocs\\academia\\app\\Views\\materias\\show.php')
 3 SYSTEMPATH\View\View.php(237): CodeIgniter\View\View->CodeIgniter\View\{closure}()
 4 SYSTEMPATH\Common.php(1169): CodeIgniter\View\View->render('materias/show', [], true)
 5 APPPATH\Controllers\MateriasController.php(18): view('materias/show', [...])
 6 SYSTEMPATH\CodeIgniter.php(933): App\Controllers\MateriasController->index()
 7 SYSTEMPATH\CodeIgniter.php(509): CodeIgniter\CodeIgniter->runController(Object(App\Controllers\MateriasController))
 8 SYSTEMPATH\CodeIgniter.php(355): CodeIgniter\CodeIgniter->handleRequest(null, Object(Config\Cache), false)
 9 SYSTEMPATH\Boot.php(325): CodeIgniter\CodeIgniter->run()
10 SYSTEMPATH\Boot.php(67): CodeIgniter\Boot::runCodeIgniter(Object(CodeIgniter\CodeIgniter))
11 FCPATH\index.php(56): CodeIgniter\Boot::bootWeb(Object(Config\Paths))
12 SYSTEMPATH\rewrite.php(44): require_once('C:\\xampp\\htdocs\\academia\\public\\index.php')
CRITICAL - 2024-09-18 17:11:40 --> ErrorException: Attempt to read property "nombre" on string
[Method: GET, Route: materias]
in APPPATH\Views\materias\show.php on line 26.
 1 APPPATH\Views\materias\show.php(26): CodeIgniter\Debug\Exceptions->errorHandler(2, 'Attempt to read property "nombre" on string', 'C:\\xampp\\htdocs\\academia\\app\\Views\\materias\\show.php', 26)
 2 SYSTEMPATH\View\View.php(234): include('C:\\xampp\\htdocs\\academia\\app\\Views\\materias\\show.php')
 3 SYSTEMPATH\View\View.php(237): CodeIgniter\View\View->CodeIgniter\View\{closure}()
 4 SYSTEMPATH\Common.php(1169): CodeIgniter\View\View->render('materias/show', [], true)
 5 APPPATH\Controllers\MateriasController.php(18): view('materias/show', [...])
 6 SYSTEMPATH\CodeIgniter.php(933): App\Controllers\MateriasController->index()
 7 SYSTEMPATH\CodeIgniter.php(509): CodeIgniter\CodeIgniter->runController(Object(App\Controllers\MateriasController))
 8 SYSTEMPATH\CodeIgniter.php(355): CodeIgniter\CodeIgniter->handleRequest(null, Object(Config\Cache), false)
 9 SYSTEMPATH\Boot.php(325): CodeIgniter\CodeIgniter->run()
10 SYSTEMPATH\Boot.php(67): CodeIgniter\Boot::runCodeIgniter(Object(CodeIgniter\CodeIgniter))
11 FCPATH\index.php(56): CodeIgniter\Boot::bootWeb(Object(Config\Paths))
12 SYSTEMPATH\rewrite.php(44): require_once('C:\\xampp\\htdocs\\academia\\public\\index.php')
CRITICAL - 2024-09-18 17:19:47 --> ErrorException: Undefined array key "etica"
[Method: GET, Route: materias]
in SYSTEMPATH\HTTP\URI.php on line 374.
 1 SYSTEMPATH\HTTP\URI.php(374): CodeIgniter\Debug\Exceptions->errorHandler(2, 'Undefined array key "etica"', 'C:\\xampp\\htdocs\\academia\\system\\HTTP\\URI.php', 374)
 2 SYSTEMPATH\HTTP\URI.php(638): CodeIgniter\HTTP\URI->getAuthority()
 3 SYSTEMPATH\HTTP\SiteURI.php(113): CodeIgniter\HTTP\URI->__toString()
 4 SYSTEMPATH\HTTP\SiteURI.php(388): CodeIgniter\HTTP\SiteURI->__construct(Object(Config\App), 'materias/delete1', 'localhost', 'Etica')
 5 SYSTEMPATH\Helpers\url_helper.php(59): CodeIgniter\HTTP\SiteURI->baseUrl('materias/delete1', 'Etica')
 6 APPPATH\Views\materias\show.php(26): base_url('materias/delete1', 'Etica', '2010')
 7 SYSTEMPATH\View\View.php(234): include('C:\\xampp\\htdocs\\academia\\app\\Views\\materias\\show.php')
 8 SYSTEMPATH\View\View.php(237): CodeIgniter\View\View->CodeIgniter\View\{closure}()
 9 SYSTEMPATH\Common.php(1169): CodeIgniter\View\View->render('materias/show', [], true)
10 APPPATH\Controllers\MateriasController.php(18): view('materias/show', [...])
11 SYSTEMPATH\CodeIgniter.php(933): App\Controllers\MateriasController->index()
12 SYSTEMPATH\CodeIgniter.php(509): CodeIgniter\CodeIgniter->runController(Object(App\Controllers\MateriasController))
13 SYSTEMPATH\CodeIgniter.php(355): CodeIgniter\CodeIgniter->handleRequest(null, Object(Config\Cache), false)
14 SYSTEMPATH\Boot.php(325): CodeIgniter\CodeIgniter->run()
15 SYSTEMPATH\Boot.php(67): CodeIgniter\Boot::runCodeIgniter(Object(CodeIgniter\CodeIgniter))
16 FCPATH\index.php(56): CodeIgniter\Boot::bootWeb(Object(Config\Paths))
17 SYSTEMPATH\rewrite.php(44): require_once('C:\\xampp\\htdocs\\academia\\public\\index.php')
CRITICAL - 2024-09-18 17:19:53 --> ErrorException: Undefined array key "etica"
[Method: GET, Route: materias]
in SYSTEMPATH\HTTP\URI.php on line 374.
 1 SYSTEMPATH\HTTP\URI.php(374): CodeIgniter\Debug\Exceptions->errorHandler(2, 'Undefined array key "etica"', 'C:\\xampp\\htdocs\\academia\\system\\HTTP\\URI.php', 374)
 2 SYSTEMPATH\HTTP\URI.php(638): CodeIgniter\HTTP\URI->getAuthority()
 3 SYSTEMPATH\HTTP\SiteURI.php(113): CodeIgniter\HTTP\URI->__toString()
 4 SYSTEMPATH\HTTP\SiteURI.php(388): CodeIgniter\HTTP\SiteURI->__construct(Object(Config\App), 'materias/delete1', 'localhost', 'Etica')
 5 SYSTEMPATH\Helpers\url_helper.php(59): CodeIgniter\HTTP\SiteURI->baseUrl('materias/delete1', 'Etica')
 6 APPPATH\Views\materias\show.php(26): base_url('materias/delete1', 'Etica', '2010')
 7 SYSTEMPATH\View\View.php(234): include('C:\\xampp\\htdocs\\academia\\app\\Views\\materias\\show.php')
 8 SYSTEMPATH\View\View.php(237): CodeIgniter\View\View->CodeIgniter\View\{closure}()
 9 SYSTEMPATH\Common.php(1169): CodeIgniter\View\View->render('materias/show', [], true)
10 APPPATH\Controllers\MateriasController.php(18): view('materias/show', [...])
11 SYSTEMPATH\CodeIgniter.php(933): App\Controllers\MateriasController->index()
12 SYSTEMPATH\CodeIgniter.php(509): CodeIgniter\CodeIgniter->runController(Object(App\Controllers\MateriasController))
13 SYSTEMPATH\CodeIgniter.php(355): CodeIgniter\CodeIgniter->handleRequest(null, Object(Config\Cache), false)
14 SYSTEMPATH\Boot.php(325): CodeIgniter\CodeIgniter->run()
15 SYSTEMPATH\Boot.php(67): CodeIgniter\Boot::runCodeIgniter(Object(CodeIgniter\CodeIgniter))
16 FCPATH\index.php(56): CodeIgniter\Boot::bootWeb(Object(Config\Paths))
17 SYSTEMPATH\rewrite.php(44): require_once('C:\\xampp\\htdocs\\academia\\public\\index.php')
CRITICAL - 2024-09-18 17:21:38 --> ErrorException: Array to string conversion
[Method: GET, Route: materias]
in APPPATH\Views\materias\show.php on line 26.
 1 APPPATH\Views\materias\show.php(26): CodeIgniter\Debug\Exceptions->errorHandler(2, 'Array to string conversion', 'C:\\xampp\\htdocs\\academia\\app\\Views\\materias\\show.php', 26)
 2 SYSTEMPATH\View\View.php(234): include('C:\\xampp\\htdocs\\academia\\app\\Views\\materias\\show.php')
 3 SYSTEMPATH\View\View.php(237): CodeIgniter\View\View->CodeIgniter\View\{closure}()
 4 SYSTEMPATH\Common.php(1169): CodeIgniter\View\View->render('materias/show', [], true)
 5 APPPATH\Controllers\MateriasController.php(18): view('materias/show', [...])
 6 SYSTEMPATH\CodeIgniter.php(933): App\Controllers\MateriasController->index()
 7 SYSTEMPATH\CodeIgniter.php(509): CodeIgniter\CodeIgniter->runController(Object(App\Controllers\MateriasController))
 8 SYSTEMPATH\CodeIgniter.php(355): CodeIgniter\CodeIgniter->handleRequest(null, Object(Config\Cache), false)
 9 SYSTEMPATH\Boot.php(325): CodeIgniter\CodeIgniter->run()
10 SYSTEMPATH\Boot.php(67): CodeIgniter\Boot::runCodeIgniter(Object(CodeIgniter\CodeIgniter))
11 FCPATH\index.php(56): CodeIgniter\Boot::bootWeb(Object(Config\Paths))
12 SYSTEMPATH\rewrite.php(44): require_once('C:\\xampp\\htdocs\\academia\\public\\index.php')
CRITICAL - 2024-09-18 17:59:06 --> ErrorException: Attempt to read property "planEstudios" on string
[Method: GET, Route: materias]
in APPPATH\Views\materias\show.php on line 26.
 1 APPPATH\Views\materias\show.php(26): CodeIgniter\Debug\Exceptions->errorHandler(2, 'Attempt to read property "planEstudios" on string', 'C:\\xampp\\htdocs\\academia\\app\\Views\\materias\\show.php', 26)
 2 SYSTEMPATH\View\View.php(234): include('C:\\xampp\\htdocs\\academia\\app\\Views\\materias\\show.php')
 3 SYSTEMPATH\View\View.php(237): CodeIgniter\View\View->CodeIgniter\View\{closure}()
 4 SYSTEMPATH\Common.php(1169): CodeIgniter\View\View->render('materias/show', [], true)
 5 APPPATH\Controllers\MateriasController.php(18): view('materias/show', [...])
 6 SYSTEMPATH\CodeIgniter.php(933): App\Controllers\MateriasController->index()
 7 SYSTEMPATH\CodeIgniter.php(509): CodeIgniter\CodeIgniter->runController(Object(App\Controllers\MateriasController))
 8 SYSTEMPATH\CodeIgniter.php(355): CodeIgniter\CodeIgniter->handleRequest(null, Object(Config\Cache), false)
 9 SYSTEMPATH\Boot.php(325): CodeIgniter\CodeIgniter->run()
10 SYSTEMPATH\Boot.php(67): CodeIgniter\Boot::runCodeIgniter(Object(CodeIgniter\CodeIgniter))
11 FCPATH\index.php(56): CodeIgniter\Boot::bootWeb(Object(Config\Paths))
12 SYSTEMPATH\rewrite.php(44): require_once('C:\\xampp\\htdocs\\academia\\public\\index.php')
